<?xml version="1.0" encoding="UTF-8"?>
<!-- Generated by org.testng.reporters.JUnitReportReporter -->
<testsuite hostname="TN-5036030" failures="0" tests="1" name="com.bmg360.apiautomation.apitest.ApiTests" time="3.130" errors="0" timestamp="2024-09-19T00:26:19 EDT" skipped="0">
  <testcase classname="com.bmg360.apiautomation.apitest.ApiTests" name="test_GET_calldetails_perday" time="3.130"/>
  <system-out/>
</testsuite> <!-- com.bmg360.apiautomation.apitest.ApiTests -->
