<?xml version="1.0" encoding="UTF-8"?>
<!-- Generated by org.testng.reporters.JUnitReportReporter -->
<testsuite hostname="TN-5036030" failures="0" tests="14" name="com.bmg360.apiautomation.apitest.ApiTests" time="11.975" errors="0" timestamp="2024-10-23T05:49:13 EDT" skipped="0">
  <testcase classname="com.bmg360.apiautomation.apitest.ApiTests" name="test_GET_concurrentcalls" time="0.349"/>
  <testcase classname="com.bmg360.apiautomation.apitest.ApiTests" name="test_client_post_url" time="1.091"/>
  <testcase classname="com.bmg360.apiautomation.apitest.ApiTests" name="test_posttransfer_post_url" time="0.312"/>
  <testcase classname="com.bmg360.apiautomation.apitest.ApiTests" name="test_GET_client" time="0.401"/>
  <testcase classname="com.bmg360.apiautomation.apitest.ApiTests" name="test_GET_record" time="0.307"/>
  <testcase classname="com.bmg360.apiautomation.apitest.ApiTests" name="test_callrealtime_post_url" time="0.555"/>
  <testcase classname="com.bmg360.apiautomation.apitest.ApiTests" name="test_GET_calldetails_perday" time="6.401"/>
  <testcase classname="com.bmg360.apiautomation.apitest.ApiTests" name="test_postrecord_post_url" time="0.325"/>
  <testcase classname="com.bmg360.apiautomation.apitest.ApiTests" name="test_GET_userid_teamid" time="0.369"/>
  <testcase classname="com.bmg360.apiautomation.apitest.ApiTests" name="test_GET_clientdetails" time="0.487"/>
  <testcase classname="com.bmg360.apiautomation.apitest.ApiTests" name="test_GET_concurrentcallers" time="0.421"/>
  <testcase classname="com.bmg360.apiautomation.apitest.ApiTests" name="test_GET_user" time="0.318"/>
  <testcase classname="com.bmg360.apiautomation.apitest.ApiTests" name="test_pretransfer_post_url" time="0.333"/>
  <testcase classname="com.bmg360.apiautomation.apitest.ApiTests" name="test_GET_transactions" time="0.306"/>
</testsuite> <!-- com.bmg360.apiautomation.apitest.ApiTests -->
